Traceback (most recent call last):
  File "IDCheck_UI.py", line 43, in run
  File "check.pyo", line 268, in switchNet
WindowsError: [Error 5] : 'C:\\Windows\\system32\\drivers\\etc\\hosts'
Traceback (most recent call last):
  File "IDCheck_UI.py", line 43, in run
  File "check.pyo", line 268, in switchNet
WindowsError: [Error 5] : 'C:\\Windows\\system32\\drivers\\etc\\hosts'
Traceback (most recent call last):
  File "IDCheck_UI.py", line 88, in run
  File "check.pyo", line 1466, in checkJsonFiles
  File "check.pyo", line 268, in switchNet
WindowsError: [Error 5] : 'C:\\Windows\\system32\\drivers\\etc\\hosts'
Traceback (most recent call last):
  File "IDCheck_UI.py", line 43, in run
  File "check.pyo", line 268, in switchNet
WindowsError: [Error 5] : 'C:\\windows\\system32\\drivers\\etc\\hosts'
Traceback (most recent call last):
  File "IDCheck_UI.py", line 43, in run
  File "check.pyo", line 268, in switchNet
WindowsError: [Error 5] : 'C:\\windows\\system32\\drivers\\etc\\hosts'
